2012/10/21 09:25:27 [error] [app.extensions.EGallery] Path to gallery is not specified or invalid: /images/gallery
in /var/www/dem/project/extensions/gallery/EGalleryBase.php (170)
in /var/www/dem/project/extensions/gallery/EGallery.php (79)
in /var/www/dem/project/views/site/index.php (11)
2012/10/21 09:25:27 [error] [exception.CException] exception 'CException' with message 'Path to gallery is not specified or invalid. Perhaps you specified an absolute URL when you meant to use a relative one.' in /var/www/dem/project/extensions/gallery/EGalleryBase.php:171
Stack trace:
#0 /var/www/dem/project/extensions/gallery/EGallery.php(79): EGalleryBase->setup()
#1 /usr/local/lib/yii/framework/web/CBaseController.php(148): EGallery->init()
#2 /usr/local/lib/yii/framework/web/CBaseController.php(173): CBaseController->createWidget('application.ext...', Array)
#3 /var/www/dem/project/views/site/index.php(11): CBaseController->widget('application.ext...', Array)
#4 /usr/local/lib/yii/framework/web/CBaseController.php(127): require('/var/www/dem/pr...')
#5 /usr/local/lib/yii/framework/web/CBaseController.php(96): CBaseController->renderInternal('/var/www/dem/pr...', NULL, true)
#6 /usr/local/lib/yii/framework/web/CController.php(870): CBaseController->renderFile('/var/www/dem/pr...', NULL, true)
#7 /usr/local/lib/yii/framework/web/CController.php(783): CController->renderPartial('index', NULL, true)
#8 /var/www/dem/project/controllers/SiteController.php(32): CController->render('index')
#9 /usr/local/lib/yii/framework/web/actions/CInlineAction.php(50): SiteController->actionIndex()
#10 /usr/local/lib/yii/framework/web/CController.php(309): CInlineAction->runWithParams(Array)
#11 /usr/local/lib/yii/framework/web/CController.php(287): CController->runAction(Object(CInlineAction))
#12 /usr/local/lib/yii/framework/web/CController.php(266): CController->runActionWithFilters(Object(CInlineAction), Array)
#13 /usr/local/lib/yii/framework/web/CWebApplication.php(283): CController->run('')
#14 /usr/local/lib/yii/framework/web/CWebApplication.php(142): CWebApplication->runController('')
#15 /usr/local/lib/yii/framework/base/CApplication.php(162): CWebApplication->processRequest()
#16 /var/www/dem/www/index.php(15): CApplication->run()
#17 {main}
REQUEST_URI=/
---
2012/10/21 09:25:27 [error] [app.extensions.EGallery] Path to gallery is not specified or invalid: /images/gallery
in /var/www/dem/project/extensions/gallery/EGalleryBase.php (170)
in /var/www/dem/project/extensions/gallery/EGallery.php (79)
in /var/www/dem/project/views/site/index.php (11)
2012/10/21 09:25:27 [error] [exception.CException] exception 'CException' with message 'Path to gallery is not specified or invalid. Perhaps you specified an absolute URL when you meant to use a relative one.' in /var/www/dem/project/extensions/gallery/EGalleryBase.php:171
Stack trace:
#0 /var/www/dem/project/extensions/gallery/EGallery.php(79): EGalleryBase->setup()
#1 /usr/local/lib/yii/framework/web/CBaseController.php(148): EGallery->init()
#2 /usr/local/lib/yii/framework/web/CBaseController.php(173): CBaseController->createWidget('application.ext...', Array)
#3 /var/www/dem/project/views/site/index.php(11): CBaseController->widget('application.ext...', Array)
#4 /usr/local/lib/yii/framework/web/CBaseController.php(127): require('/var/www/dem/pr...')
#5 /usr/local/lib/yii/framework/web/CBaseController.php(96): CBaseController->renderInternal('/var/www/dem/pr...', NULL, true)
#6 /usr/local/lib/yii/framework/web/CController.php(870): CBaseController->renderFile('/var/www/dem/pr...', NULL, true)
#7 /usr/local/lib/yii/framework/web/CController.php(783): CController->renderPartial('index', NULL, true)
#8 /var/www/dem/project/controllers/SiteController.php(32): CController->render('index')
#9 /usr/local/lib/yii/framework/web/actions/CInlineAction.php(50): SiteController->actionIndex()
#10 /usr/local/lib/yii/framework/web/CController.php(309): CInlineAction->runWithParams(Array)
#11 /usr/local/lib/yii/framework/web/CController.php(287): CController->runAction(Object(CInlineAction))
#12 /usr/local/lib/yii/framework/web/CController.php(266): CController->runActionWithFilters(Object(CInlineAction), Array)
#13 /usr/local/lib/yii/framework/web/CWebApplication.php(283): CController->run('')
#14 /usr/local/lib/yii/framework/web/CWebApplication.php(142): CWebApplication->runController('')
#15 /usr/local/lib/yii/framework/base/CApplication.php(162): CWebApplication->processRequest()
#16 /var/www/dem/www/index.php(15): CApplication->run()
#17 {main}
REQUEST_URI=/favicon.ico
---
2012/10/21 09:26:37 [error] [app.extensions.EGallery] Path to gallery is not specified or invalid: /images/gallery
in /var/www/dem/project/extensions/gallery/EGalleryBase.php (170)
in /var/www/dem/project/extensions/gallery/EGallery.php (79)
in /var/www/dem/project/views/site/index.php (11)
2012/10/21 09:26:37 [error] [exception.CException] exception 'CException' with message 'Path to gallery is not specified or invalid. Perhaps you specified an absolute URL when you meant to use a relative one.' in /var/www/dem/project/extensions/gallery/EGalleryBase.php:171
Stack trace:
#0 /var/www/dem/project/extensions/gallery/EGallery.php(79): EGalleryBase->setup()
#1 /usr/local/lib/yii/framework/web/CBaseController.php(148): EGallery->init()
#2 /usr/local/lib/yii/framework/web/CBaseController.php(173): CBaseController->createWidget('application.ext...', Array)
#3 /var/www/dem/project/views/site/index.php(11): CBaseController->widget('application.ext...', Array)
#4 /usr/local/lib/yii/framework/web/CBaseController.php(127): require('/var/www/dem/pr...')
#5 /usr/local/lib/yii/framework/web/CBaseController.php(96): CBaseController->renderInternal('/var/www/dem/pr...', NULL, true)
#6 /usr/local/lib/yii/framework/web/CController.php(870): CBaseController->renderFile('/var/www/dem/pr...', NULL, true)
#7 /usr/local/lib/yii/framework/web/CController.php(783): CController->renderPartial('index', NULL, true)
#8 /var/www/dem/project/controllers/SiteController.php(32): CController->render('index')
#9 /usr/local/lib/yii/framework/web/actions/CInlineAction.php(50): SiteController->actionIndex()
#10 /usr/local/lib/yii/framework/web/CController.php(309): CInlineAction->runWithParams(Array)
#11 /usr/local/lib/yii/framework/web/CController.php(287): CController->runAction(Object(CInlineAction))
#12 /usr/local/lib/yii/framework/web/CController.php(266): CController->runActionWithFilters(Object(CInlineAction), Array)
#13 /usr/local/lib/yii/framework/web/CWebApplication.php(283): CController->run('')
#14 /usr/local/lib/yii/framework/web/CWebApplication.php(142): CWebApplication->runController('')
#15 /usr/local/lib/yii/framework/base/CApplication.php(162): CWebApplication->processRequest()
#16 /var/www/dem/www/index.php(15): CApplication->run()
#17 {main}
REQUEST_URI=/
---
2012/10/21 09:26:37 [error] [app.extensions.EGallery] Path to gallery is not specified or invalid: /images/gallery
in /var/www/dem/project/extensions/gallery/EGalleryBase.php (170)
in /var/www/dem/project/extensions/gallery/EGallery.php (79)
in /var/www/dem/project/views/site/index.php (11)
2012/10/21 09:26:37 [error] [exception.CException] exception 'CException' with message 'Path to gallery is not specified or invalid. Perhaps you specified an absolute URL when you meant to use a relative one.' in /var/www/dem/project/extensions/gallery/EGalleryBase.php:171
Stack trace:
#0 /var/www/dem/project/extensions/gallery/EGallery.php(79): EGalleryBase->setup()
#1 /usr/local/lib/yii/framework/web/CBaseController.php(148): EGallery->init()
#2 /usr/local/lib/yii/framework/web/CBaseController.php(173): CBaseController->createWidget('application.ext...', Array)
#3 /var/www/dem/project/views/site/index.php(11): CBaseController->widget('application.ext...', Array)
#4 /usr/local/lib/yii/framework/web/CBaseController.php(127): require('/var/www/dem/pr...')
#5 /usr/local/lib/yii/framework/web/CBaseController.php(96): CBaseController->renderInternal('/var/www/dem/pr...', NULL, true)
#6 /usr/local/lib/yii/framework/web/CController.php(870): CBaseController->renderFile('/var/www/dem/pr...', NULL, true)
#7 /usr/local/lib/yii/framework/web/CController.php(783): CController->renderPartial('index', NULL, true)
#8 /var/www/dem/project/controllers/SiteController.php(32): CController->render('index')
#9 /usr/local/lib/yii/framework/web/actions/CInlineAction.php(50): SiteController->actionIndex()
#10 /usr/local/lib/yii/framework/web/CController.php(309): CInlineAction->runWithParams(Array)
#11 /usr/local/lib/yii/framework/web/CController.php(287): CController->runAction(Object(CInlineAction))
#12 /usr/local/lib/yii/framework/web/CController.php(266): CController->runActionWithFilters(Object(CInlineAction), Array)
#13 /usr/local/lib/yii/framework/web/CWebApplication.php(283): CController->run('')
#14 /usr/local/lib/yii/framework/web/CWebApplication.php(142): CWebApplication->runController('')
#15 /usr/local/lib/yii/framework/base/CApplication.php(162): CWebApplication->processRequest()
#16 /var/www/dem/www/index.php(15): CApplication->run()
#17 {main}
REQUEST_URI=/favicon.ico
---
2012/10/21 09:26:38 [error] [app.extensions.EGallery] Path to gallery is not specified or invalid: /images/gallery
in /var/www/dem/project/extensions/gallery/EGalleryBase.php (170)
in /var/www/dem/project/extensions/gallery/EGallery.php (79)
in /var/www/dem/project/views/site/index.php (11)
2012/10/21 09:26:38 [error] [exception.CException] exception 'CException' with message 'Path to gallery is not specified or invalid. Perhaps you specified an absolute URL when you meant to use a relative one.' in /var/www/dem/project/extensions/gallery/EGalleryBase.php:171
Stack trace:
#0 /var/www/dem/project/extensions/gallery/EGallery.php(79): EGalleryBase->setup()
#1 /usr/local/lib/yii/framework/web/CBaseController.php(148): EGallery->init()
#2 /usr/local/lib/yii/framework/web/CBaseController.php(173): CBaseController->createWidget('application.ext...', Array)
#3 /var/www/dem/project/views/site/index.php(11): CBaseController->widget('application.ext...', Array)
#4 /usr/local/lib/yii/framework/web/CBaseController.php(127): require('/var/www/dem/pr...')
#5 /usr/local/lib/yii/framework/web/CBaseController.php(96): CBaseController->renderInternal('/var/www/dem/pr...', NULL, true)
#6 /usr/local/lib/yii/framework/web/CController.php(870): CBaseController->renderFile('/var/www/dem/pr...', NULL, true)
#7 /usr/local/lib/yii/framework/web/CController.php(783): CController->renderPartial('index', NULL, true)
#8 /var/www/dem/project/controllers/SiteController.php(32): CController->render('index')
#9 /usr/local/lib/yii/framework/web/actions/CInlineAction.php(50): SiteController->actionIndex()
#10 /usr/local/lib/yii/framework/web/CController.php(309): CInlineAction->runWithParams(Array)
#11 /usr/local/lib/yii/framework/web/CController.php(287): CController->runAction(Object(CInlineAction))
#12 /usr/local/lib/yii/framework/web/CController.php(266): CController->runActionWithFilters(Object(CInlineAction), Array)
#13 /usr/local/lib/yii/framework/web/CWebApplication.php(283): CController->run('')
#14 /usr/local/lib/yii/framework/web/CWebApplication.php(142): CWebApplication->runController('')
#15 /usr/local/lib/yii/framework/base/CApplication.php(162): CWebApplication->processRequest()
#16 /var/www/dem/www/index.php(15): CApplication->run()
#17 {main}
REQUEST_URI=/
---
2012/10/21 09:26:38 [error] [app.extensions.EGallery] Path to gallery is not specified or invalid: /images/gallery
in /var/www/dem/project/extensions/gallery/EGalleryBase.php (170)
in /var/www/dem/project/extensions/gallery/EGallery.php (79)
in /var/www/dem/project/views/site/index.php (11)
2012/10/21 09:26:38 [error] [exception.CException] exception 'CException' with message 'Path to gallery is not specified or invalid. Perhaps you specified an absolute URL when you meant to use a relative one.' in /var/www/dem/project/extensions/gallery/EGalleryBase.php:171
Stack trace:
#0 /var/www/dem/project/extensions/gallery/EGallery.php(79): EGalleryBase->setup()
#1 /usr/local/lib/yii/framework/web/CBaseController.php(148): EGallery->init()
#2 /usr/local/lib/yii/framework/web/CBaseController.php(173): CBaseController->createWidget('application.ext...', Array)
#3 /var/www/dem/project/views/site/index.php(11): CBaseController->widget('application.ext...', Array)
#4 /usr/local/lib/yii/framework/web/CBaseController.php(127): require('/var/www/dem/pr...')
#5 /usr/local/lib/yii/framework/web/CBaseController.php(96): CBaseController->renderInternal('/var/www/dem/pr...', NULL, true)
#6 /usr/local/lib/yii/framework/web/CController.php(870): CBaseController->renderFile('/var/www/dem/pr...', NULL, true)
#7 /usr/local/lib/yii/framework/web/CController.php(783): CController->renderPartial('index', NULL, true)
#8 /var/www/dem/project/controllers/SiteController.php(32): CController->render('index')
#9 /usr/local/lib/yii/framework/web/actions/CInlineAction.php(50): SiteController->actionIndex()
#10 /usr/local/lib/yii/framework/web/CController.php(309): CInlineAction->runWithParams(Array)
#11 /usr/local/lib/yii/framework/web/CController.php(287): CController->runAction(Object(CInlineAction))
#12 /usr/local/lib/yii/framework/web/CController.php(266): CController->runActionWithFilters(Object(CInlineAction), Array)
#13 /usr/local/lib/yii/framework/web/CWebApplication.php(283): CController->run('')
#14 /usr/local/lib/yii/framework/web/CWebApplication.php(142): CWebApplication->runController('')
#15 /usr/local/lib/yii/framework/base/CApplication.php(162): CWebApplication->processRequest()
#16 /var/www/dem/www/index.php(15): CApplication->run()
#17 {main}
REQUEST_URI=/favicon.ico
---
2012/10/21 09:26:38 [error] [app.extensions.EGallery] Path to gallery is not specified or invalid: /images/gallery
in /var/www/dem/project/extensions/gallery/EGalleryBase.php (170)
in /var/www/dem/project/extensions/gallery/EGallery.php (79)
in /var/www/dem/project/views/site/index.php (11)
2012/10/21 09:26:38 [error] [exception.CException] exception 'CException' with message 'Path to gallery is not specified or invalid. Perhaps you specified an absolute URL when you meant to use a relative one.' in /var/www/dem/project/extensions/gallery/EGalleryBase.php:171
Stack trace:
#0 /var/www/dem/project/extensions/gallery/EGallery.php(79): EGalleryBase->setup()
#1 /usr/local/lib/yii/framework/web/CBaseController.php(148): EGallery->init()
#2 /usr/local/lib/yii/framework/web/CBaseController.php(173): CBaseController->createWidget('application.ext...', Array)
#3 /var/www/dem/project/views/site/index.php(11): CBaseController->widget('application.ext...', Array)
#4 /usr/local/lib/yii/framework/web/CBaseController.php(127): require('/var/www/dem/pr...')
#5 /usr/local/lib/yii/framework/web/CBaseController.php(96): CBaseController->renderInternal('/var/www/dem/pr...', NULL, true)
#6 /usr/local/lib/yii/framework/web/CController.php(870): CBaseController->renderFile('/var/www/dem/pr...', NULL, true)
#7 /usr/local/lib/yii/framework/web/CController.php(783): CController->renderPartial('index', NULL, true)
#8 /var/www/dem/project/controllers/SiteController.php(32): CController->render('index')
#9 /usr/local/lib/yii/framework/web/actions/CInlineAction.php(50): SiteController->actionIndex()
#10 /usr/local/lib/yii/framework/web/CController.php(309): CInlineAction->runWithParams(Array)
#11 /usr/local/lib/yii/framework/web/CController.php(287): CController->runAction(Object(CInlineAction))
#12 /usr/local/lib/yii/framework/web/CController.php(266): CController->runActionWithFilters(Object(CInlineAction), Array)
#13 /usr/local/lib/yii/framework/web/CWebApplication.php(283): CController->run('')
#14 /usr/local/lib/yii/framework/web/CWebApplication.php(142): CWebApplication->runController('')
#15 /usr/local/lib/yii/framework/base/CApplication.php(162): CWebApplication->processRequest()
#16 /var/www/dem/www/index.php(15): CApplication->run()
#17 {main}
REQUEST_URI=/
---
2012/10/21 09:26:38 [error] [app.extensions.EGallery] Path to gallery is not specified or invalid: /images/gallery
in /var/www/dem/project/extensions/gallery/EGalleryBase.php (170)
in /var/www/dem/project/extensions/gallery/EGallery.php (79)
in /var/www/dem/project/views/site/index.php (11)
2012/10/21 09:26:38 [error] [exception.CException] exception 'CException' with message 'Path to gallery is not specified or invalid. Perhaps you specified an absolute URL when you meant to use a relative one.' in /var/www/dem/project/extensions/gallery/EGalleryBase.php:171
Stack trace:
#0 /var/www/dem/project/extensions/gallery/EGallery.php(79): EGalleryBase->setup()
#1 /usr/local/lib/yii/framework/web/CBaseController.php(148): EGallery->init()
#2 /usr/local/lib/yii/framework/web/CBaseController.php(173): CBaseController->createWidget('application.ext...', Array)
#3 /var/www/dem/project/views/site/index.php(11): CBaseController->widget('application.ext...', Array)
#4 /usr/local/lib/yii/framework/web/CBaseController.php(127): require('/var/www/dem/pr...')
#5 /usr/local/lib/yii/framework/web/CBaseController.php(96): CBaseController->renderInternal('/var/www/dem/pr...', NULL, true)
#6 /usr/local/lib/yii/framework/web/CController.php(870): CBaseController->renderFile('/var/www/dem/pr...', NULL, true)
#7 /usr/local/lib/yii/framework/web/CController.php(783): CController->renderPartial('index', NULL, true)
#8 /var/www/dem/project/controllers/SiteController.php(32): CController->render('index')
#9 /usr/local/lib/yii/framework/web/actions/CInlineAction.php(50): SiteController->actionIndex()
#10 /usr/local/lib/yii/framework/web/CController.php(309): CInlineAction->runWithParams(Array)
#11 /usr/local/lib/yii/framework/web/CController.php(287): CController->runAction(Object(CInlineAction))
#12 /usr/local/lib/yii/framework/web/CController.php(266): CController->runActionWithFilters(Object(CInlineAction), Array)
#13 /usr/local/lib/yii/framework/web/CWebApplication.php(283): CController->run('')
#14 /usr/local/lib/yii/framework/web/CWebApplication.php(142): CWebApplication->runController('')
#15 /usr/local/lib/yii/framework/base/CApplication.php(162): CWebApplication->processRequest()
#16 /var/www/dem/www/index.php(15): CApplication->run()
#17 {main}
REQUEST_URI=/favicon.ico
---
2012/10/21 09:26:38 [error] [app.extensions.EGallery] Path to gallery is not specified or invalid: /images/gallery
in /var/www/dem/project/extensions/gallery/EGalleryBase.php (170)
in /var/www/dem/project/extensions/gallery/EGallery.php (79)
in /var/www/dem/project/views/site/index.php (11)
2012/10/21 09:26:38 [error] [exception.CException] exception 'CException' with message 'Path to gallery is not specified or invalid. Perhaps you specified an absolute URL when you meant to use a relative one.' in /var/www/dem/project/extensions/gallery/EGalleryBase.php:171
Stack trace:
#0 /var/www/dem/project/extensions/gallery/EGallery.php(79): EGalleryBase->setup()
#1 /usr/local/lib/yii/framework/web/CBaseController.php(148): EGallery->init()
#2 /usr/local/lib/yii/framework/web/CBaseController.php(173): CBaseController->createWidget('application.ext...', Array)
#3 /var/www/dem/project/views/site/index.php(11): CBaseController->widget('application.ext...', Array)
#4 /usr/local/lib/yii/framework/web/CBaseController.php(127): require('/var/www/dem/pr...')
#5 /usr/local/lib/yii/framework/web/CBaseController.php(96): CBaseController->renderInternal('/var/www/dem/pr...', NULL, true)
#6 /usr/local/lib/yii/framework/web/CController.php(870): CBaseController->renderFile('/var/www/dem/pr...', NULL, true)
#7 /usr/local/lib/yii/framework/web/CController.php(783): CController->renderPartial('index', NULL, true)
#8 /var/www/dem/project/controllers/SiteController.php(32): CController->render('index')
#9 /usr/local/lib/yii/framework/web/actions/CInlineAction.php(50): SiteController->actionIndex()
#10 /usr/local/lib/yii/framework/web/CController.php(309): CInlineAction->runWithParams(Array)
#11 /usr/local/lib/yii/framework/web/CController.php(287): CController->runAction(Object(CInlineAction))
#12 /usr/local/lib/yii/framework/web/CController.php(266): CController->runActionWithFilters(Object(CInlineAction), Array)
#13 /usr/local/lib/yii/framework/web/CWebApplication.php(283): CController->run('')
#14 /usr/local/lib/yii/framework/web/CWebApplication.php(142): CWebApplication->runController('')
#15 /usr/local/lib/yii/framework/base/CApplication.php(162): CWebApplication->processRequest()
#16 /var/www/dem/www/index.php(15): CApplication->run()
#17 {main}
REQUEST_URI=/
---
2012/10/21 09:26:38 [error] [app.extensions.EGallery] Path to gallery is not specified or invalid: /images/gallery
in /var/www/dem/project/extensions/gallery/EGalleryBase.php (170)
in /var/www/dem/project/extensions/gallery/EGallery.php (79)
in /var/www/dem/project/views/site/index.php (11)
2012/10/21 09:26:38 [error] [exception.CException] exception 'CException' with message 'Path to gallery is not specified or invalid. Perhaps you specified an absolute URL when you meant to use a relative one.' in /var/www/dem/project/extensions/gallery/EGalleryBase.php:171
Stack trace:
#0 /var/www/dem/project/extensions/gallery/EGallery.php(79): EGalleryBase->setup()
#1 /usr/local/lib/yii/framework/web/CBaseController.php(148): EGallery->init()
#2 /usr/local/lib/yii/framework/web/CBaseController.php(173): CBaseController->createWidget('application.ext...', Array)
#3 /var/www/dem/project/views/site/index.php(11): CBaseController->widget('application.ext...', Array)
#4 /usr/local/lib/yii/framework/web/CBaseController.php(127): require('/var/www/dem/pr...')
#5 /usr/local/lib/yii/framework/web/CBaseController.php(96): CBaseController->renderInternal('/var/www/dem/pr...', NULL, true)
#6 /usr/local/lib/yii/framework/web/CController.php(870): CBaseController->renderFile('/var/www/dem/pr...', NULL, true)
#7 /usr/local/lib/yii/framework/web/CController.php(783): CController->renderPartial('index', NULL, true)
#8 /var/www/dem/project/controllers/SiteController.php(32): CController->render('index')
#9 /usr/local/lib/yii/framework/web/actions/CInlineAction.php(50): SiteController->actionIndex()
#10 /usr/local/lib/yii/framework/web/CController.php(309): CInlineAction->runWithParams(Array)
#11 /usr/local/lib/yii/framework/web/CController.php(287): CController->runAction(Object(CInlineAction))
#12 /usr/local/lib/yii/framework/web/CController.php(266): CController->runActionWithFilters(Object(CInlineAction), Array)
#13 /usr/local/lib/yii/framework/web/CWebApplication.php(283): CController->run('')
#14 /usr/local/lib/yii/framework/web/CWebApplication.php(142): CWebApplication->runController('')
#15 /usr/local/lib/yii/framework/base/CApplication.php(162): CWebApplication->processRequest()
#16 /var/www/dem/www/index.php(15): CApplication->run()
#17 {main}
REQUEST_URI=/favicon.ico
---
2012/10/21 09:26:38 [error] [app.extensions.EGallery] Path to gallery is not specified or invalid: /images/gallery
in /var/www/dem/project/extensions/gallery/EGalleryBase.php (170)
in /var/www/dem/project/extensions/gallery/EGallery.php (79)
in /var/www/dem/project/views/site/index.php (11)
2012/10/21 09:26:38 [error] [exception.CException] exception 'CException' with message 'Path to gallery is not specified or invalid. Perhaps you specified an absolute URL when you meant to use a relative one.' in /var/www/dem/project/extensions/gallery/EGalleryBase.php:171
Stack trace:
#0 /var/www/dem/project/extensions/gallery/EGallery.php(79): EGalleryBase->setup()
#1 /usr/local/lib/yii/framework/web/CBaseController.php(148): EGallery->init()
#2 /usr/local/lib/yii/framework/web/CBaseController.php(173): CBaseController->createWidget('application.ext...', Array)
#3 /var/www/dem/project/views/site/index.php(11): CBaseController->widget('application.ext...', Array)
#4 /usr/local/lib/yii/framework/web/CBaseController.php(127): require('/var/www/dem/pr...')
#5 /usr/local/lib/yii/framework/web/CBaseController.php(96): CBaseController->renderInternal('/var/www/dem/pr...', NULL, true)
#6 /usr/local/lib/yii/framework/web/CController.php(870): CBaseController->renderFile('/var/www/dem/pr...', NULL, true)
#7 /usr/local/lib/yii/framework/web/CController.php(783): CController->renderPartial('index', NULL, true)
#8 /var/www/dem/project/controllers/SiteController.php(32): CController->render('index')
#9 /usr/local/lib/yii/framework/web/actions/CInlineAction.php(50): SiteController->actionIndex()
#10 /usr/local/lib/yii/framework/web/CController.php(309): CInlineAction->runWithParams(Array)
#11 /usr/local/lib/yii/framework/web/CController.php(287): CController->runAction(Object(CInlineAction))
#12 /usr/local/lib/yii/framework/web/CController.php(266): CController->runActionWithFilters(Object(CInlineAction), Array)
#13 /usr/local/lib/yii/framework/web/CWebApplication.php(283): CController->run('')
#14 /usr/local/lib/yii/framework/web/CWebApplication.php(142): CWebApplication->runController('')
#15 /usr/local/lib/yii/framework/base/CApplication.php(162): CWebApplication->processRequest()
#16 /var/www/dem/www/index.php(15): CApplication->run()
#17 {main}
REQUEST_URI=/
---
2012/10/21 09:26:38 [error] [app.extensions.EGallery] Path to gallery is not specified or invalid: /images/gallery
in /var/www/dem/project/extensions/gallery/EGalleryBase.php (170)
in /var/www/dem/project/extensions/gallery/EGallery.php (79)
in /var/www/dem/project/views/site/index.php (11)
2012/10/21 09:26:38 [error] [exception.CException] exception 'CException' with message 'Path to gallery is not specified or invalid. Perhaps you specified an absolute URL when you meant to use a relative one.' in /var/www/dem/project/extensions/gallery/EGalleryBase.php:171
Stack trace:
#0 /var/www/dem/project/extensions/gallery/EGallery.php(79): EGalleryBase->setup()
#1 /usr/local/lib/yii/framework/web/CBaseController.php(148): EGallery->init()
#2 /usr/local/lib/yii/framework/web/CBaseController.php(173): CBaseController->createWidget('application.ext...', Array)
#3 /var/www/dem/project/views/site/index.php(11): CBaseController->widget('application.ext...', Array)
#4 /usr/local/lib/yii/framework/web/CBaseController.php(127): require('/var/www/dem/pr...')
#5 /usr/local/lib/yii/framework/web/CBaseController.php(96): CBaseController->renderInternal('/var/www/dem/pr...', NULL, true)
#6 /usr/local/lib/yii/framework/web/CController.php(870): CBaseController->renderFile('/var/www/dem/pr...', NULL, true)
#7 /usr/local/lib/yii/framework/web/CController.php(783): CController->renderPartial('index', NULL, true)
#8 /var/www/dem/project/controllers/SiteController.php(32): CController->render('index')
#9 /usr/local/lib/yii/framework/web/actions/CInlineAction.php(50): SiteController->actionIndex()
#10 /usr/local/lib/yii/framework/web/CController.php(309): CInlineAction->runWithParams(Array)
#11 /usr/local/lib/yii/framework/web/CController.php(287): CController->runAction(Object(CInlineAction))
#12 /usr/local/lib/yii/framework/web/CController.php(266): CController->runActionWithFilters(Object(CInlineAction), Array)
#13 /usr/local/lib/yii/framework/web/CWebApplication.php(283): CController->run('')
#14 /usr/local/lib/yii/framework/web/CWebApplication.php(142): CWebApplication->runController('')
#15 /usr/local/lib/yii/framework/base/CApplication.php(162): CWebApplication->processRequest()
#16 /var/www/dem/www/index.php(15): CApplication->run()
#17 {main}
REQUEST_URI=/favicon.ico
---
2012/10/21 11:08:40 [error] [exception.CException] exception 'CException' with message 'Alias "application.extensions.gallery.EGallery" is invalid. Make sure it points to an existing PHP file and the file is readable.' in /usr/local/lib/yii/framework/YiiBase.php:318
Stack trace:
#0 /usr/local/lib/yii/framework/web/CWidgetFactory.php(147): YiiBase::import('application.ext...', true)
#1 /usr/local/lib/yii/framework/web/CBaseController.php(147): CWidgetFactory->createWidget(Object(SiteController), 'application.ext...', Array)
#2 /usr/local/lib/yii/framework/web/CBaseController.php(173): CBaseController->createWidget('application.ext...', Array)
#3 /var/www/dem/project/views/site/index.php(13): CBaseController->widget('application.ext...', Array)
#4 /usr/local/lib/yii/framework/web/CBaseController.php(127): require('/var/www/dem/pr...')
#5 /usr/local/lib/yii/framework/web/CBaseController.php(96): CBaseController->renderInternal('/var/www/dem/pr...', NULL, true)
#6 /usr/local/lib/yii/framework/web/CController.php(870): CBaseController->renderFile('/var/www/dem/pr...', NULL, true)
#7 /usr/local/lib/yii/framework/web/CController.php(783): CController->renderPartial('index', NULL, true)
#8 /var/www/dem/project/controllers/SiteController.php(32): CController->render('index')
#9 /usr/local/lib/yii/framework/web/actions/CInlineAction.php(50): SiteController->actionIndex()
#10 /usr/local/lib/yii/framework/web/CController.php(309): CInlineAction->runWithParams(Array)
#11 /usr/local/lib/yii/framework/web/CController.php(287): CController->runAction(Object(CInlineAction))
#12 /usr/local/lib/yii/framework/web/CController.php(266): CController->runActionWithFilters(Object(CInlineAction), Array)
#13 /usr/local/lib/yii/framework/web/CWebApplication.php(283): CController->run('index')
#14 /usr/local/lib/yii/framework/web/CWebApplication.php(142): CWebApplication->runController('site/index')
#15 /usr/local/lib/yii/framework/base/CApplication.php(162): CWebApplication->processRequest()
#16 /var/www/dem/www/index.php(15): CApplication->run()
#17 {main}
REQUEST_URI=/index.php?r=site/index&dir=sample&page=2
HTTP_REFERER=http://dem.local/index.php?r=site/index&dir=sample
---
2012/10/21 11:08:40 [error] [exception.CException] exception 'CException' with message 'Alias "application.extensions.gallery.EGallery" is invalid. Make sure it points to an existing PHP file and the file is readable.' in /usr/local/lib/yii/framework/YiiBase.php:318
Stack trace:
#0 /usr/local/lib/yii/framework/web/CWidgetFactory.php(147): YiiBase::import('application.ext...', true)
#1 /usr/local/lib/yii/framework/web/CBaseController.php(147): CWidgetFactory->createWidget(Object(SiteController), 'application.ext...', Array)
#2 /usr/local/lib/yii/framework/web/CBaseController.php(173): CBaseController->createWidget('application.ext...', Array)
#3 /var/www/dem/project/views/site/index.php(13): CBaseController->widget('application.ext...', Array)
#4 /usr/local/lib/yii/framework/web/CBaseController.php(127): require('/var/www/dem/pr...')
#5 /usr/local/lib/yii/framework/web/CBaseController.php(96): CBaseController->renderInternal('/var/www/dem/pr...', NULL, true)
#6 /usr/local/lib/yii/framework/web/CController.php(870): CBaseController->renderFile('/var/www/dem/pr...', NULL, true)
#7 /usr/local/lib/yii/framework/web/CController.php(783): CController->renderPartial('index', NULL, true)
#8 /var/www/dem/project/controllers/SiteController.php(32): CController->render('index')
#9 /usr/local/lib/yii/framework/web/actions/CInlineAction.php(50): SiteController->actionIndex()
#10 /usr/local/lib/yii/framework/web/CController.php(309): CInlineAction->runWithParams(Array)
#11 /usr/local/lib/yii/framework/web/CController.php(287): CController->runAction(Object(CInlineAction))
#12 /usr/local/lib/yii/framework/web/CController.php(266): CController->runActionWithFilters(Object(CInlineAction), Array)
#13 /usr/local/lib/yii/framework/web/CWebApplication.php(283): CController->run('')
#14 /usr/local/lib/yii/framework/web/CWebApplication.php(142): CWebApplication->runController('')
#15 /usr/local/lib/yii/framework/base/CApplication.php(162): CWebApplication->processRequest()
#16 /var/www/dem/www/index.php(15): CApplication->run()
#17 {main}
REQUEST_URI=/favicon.ico
---
2012/10/21 11:09:12 [error] [php] include(/var/www/dem/project/extensions/gallery/EGalleryBase.php): failed to open stream: No such file or directory (/usr/local/lib/yii/framework/YiiBase.php:397)
Stack trace:
#0 /var/www/dem/project/vendors/gallery/EGallery.php(71): spl_autoload_call()
#1 /usr/local/lib/yii/framework/YiiBase.php(397): include()
#2 unknown(0): autoload()
#3 /var/www/dem/project/extensions/gallery/DGallery.php(10): spl_autoload_call()
#4 /usr/local/lib/yii/framework/YiiBase.php(316): require()
#5 /usr/local/lib/yii/framework/web/CWidgetFactory.php(147): import()
#6 /usr/local/lib/yii/framework/web/CBaseController.php(147): CWidgetFactory->createWidget()
#7 /usr/local/lib/yii/framework/web/CBaseController.php(173): SiteController->createWidget()
#8 /var/www/dem/project/views/site/index.php(13): SiteController->widget()
#9 /usr/local/lib/yii/framework/web/CBaseController.php(127): require()
#10 /usr/local/lib/yii/framework/web/CBaseController.php(96): SiteController->renderInternal()
#11 /usr/local/lib/yii/framework/web/CController.php(870): SiteController->renderFile()
#12 /usr/local/lib/yii/framework/web/CController.php(783): SiteController->renderPartial()
#13 /var/www/dem/project/controllers/SiteController.php(32): SiteController->render()
#14 /usr/local/lib/yii/framework/web/actions/CInlineAction.php(50): SiteController->actionIndex()
#15 /usr/local/lib/yii/framework/web/CController.php(309): CInlineAction->runWithParams()
#16 /usr/local/lib/yii/framework/web/CController.php(287): SiteController->runAction()
#17 /usr/local/lib/yii/framework/web/CController.php(266): SiteController->runActionWithFilters()
#18 /usr/local/lib/yii/framework/web/CWebApplication.php(283): SiteController->run()
#19 /usr/local/lib/yii/framework/web/CWebApplication.php(142): CWebApplication->runController()
#20 /usr/local/lib/yii/framework/base/CApplication.php(162): CWebApplication->processRequest()
#21 /var/www/dem/www/index.php(15): CWebApplication->run()
REQUEST_URI=/index.php?r=site/index&dir=sample&page=2
in /var/www/dem/project/vendors/gallery/EGallery.php (71)
in /var/www/dem/project/extensions/gallery/DGallery.php (10)
in /var/www/dem/project/views/site/index.php (13)
2012/10/21 11:09:12 [error] [php] include(/var/www/dem/project/extensions/gallery/EGalleryBase.php): failed to open stream: No such file or directory (/usr/local/lib/yii/framework/YiiBase.php:397)
Stack trace:
#0 /var/www/dem/project/vendors/gallery/EGallery.php(71): spl_autoload_call()
#1 /usr/local/lib/yii/framework/YiiBase.php(397): include()
#2 unknown(0): autoload()
#3 /var/www/dem/project/extensions/gallery/DGallery.php(10): spl_autoload_call()
#4 /usr/local/lib/yii/framework/YiiBase.php(316): require()
#5 /usr/local/lib/yii/framework/web/CWidgetFactory.php(147): import()
#6 /usr/local/lib/yii/framework/web/CBaseController.php(147): CWidgetFactory->createWidget()
#7 /usr/local/lib/yii/framework/web/CBaseController.php(173): SiteController->createWidget()
#8 /var/www/dem/project/views/site/index.php(13): SiteController->widget()
#9 /usr/local/lib/yii/framework/web/CBaseController.php(127): require()
#10 /usr/local/lib/yii/framework/web/CBaseController.php(96): SiteController->renderInternal()
#11 /usr/local/lib/yii/framework/web/CController.php(870): SiteController->renderFile()
#12 /usr/local/lib/yii/framework/web/CController.php(783): SiteController->renderPartial()
#13 /var/www/dem/project/controllers/SiteController.php(32): SiteController->render()
#14 /usr/local/lib/yii/framework/web/actions/CInlineAction.php(50): SiteController->actionIndex()
#15 /usr/local/lib/yii/framework/web/CController.php(309): CInlineAction->runWithParams()
#16 /usr/local/lib/yii/framework/web/CController.php(287): SiteController->runAction()
#17 /usr/local/lib/yii/framework/web/CController.php(266): SiteController->runActionWithFilters()
#18 /usr/local/lib/yii/framework/web/CWebApplication.php(283): SiteController->run()
#19 /usr/local/lib/yii/framework/web/CWebApplication.php(142): CWebApplication->runController()
#20 /usr/local/lib/yii/framework/base/CApplication.php(162): CWebApplication->processRequest()
#21 /var/www/dem/www/index.php(15): CWebApplication->run()
REQUEST_URI=/favicon.ico
in /var/www/dem/project/vendors/gallery/EGallery.php (71)
in /var/www/dem/project/extensions/gallery/DGallery.php (10)
in /var/www/dem/project/views/site/index.php (13)
2012/10/21 11:54:30 [error] [php] Undefined variable: _SESSION (/var/www/dem/project/extensions/gallery/DGallery.php:11)
Stack trace:
#0 /usr/local/lib/yii/framework/web/CBaseController.php(127): require()
#1 /usr/local/lib/yii/framework/web/CBaseController.php(96): SiteController->renderInternal()
#2 /usr/local/lib/yii/framework/web/CController.php(870): SiteController->renderFile()
#3 /usr/local/lib/yii/framework/web/CController.php(783): SiteController->renderPartial()
#4 /var/www/dem/project/controllers/SiteController.php(32): SiteController->render()
#5 /usr/local/lib/yii/framework/web/actions/CInlineAction.php(50): SiteController->actionIndex()
#6 /usr/local/lib/yii/framework/web/CController.php(309): CInlineAction->runWithParams()
#7 /usr/local/lib/yii/framework/web/CController.php(287): SiteController->runAction()
#8 /usr/local/lib/yii/framework/web/CController.php(266): SiteController->runActionWithFilters()
#9 /usr/local/lib/yii/framework/web/CWebApplication.php(283): SiteController->run()
#10 /usr/local/lib/yii/framework/web/CWebApplication.php(142): CWebApplication->runController()
#11 /usr/local/lib/yii/framework/base/CApplication.php(162): CWebApplication->processRequest()
#12 /var/www/dem/www/index.php(15): CWebApplication->run()
REQUEST_URI=/index.php?r=site/index&dir=sample&page=2
in /var/www/dem/project/extensions/gallery/DGallery.php (11)
in /var/www/dem/project/views/site/index.php (14)
in /var/www/dem/project/controllers/SiteController.php (32)
2012/10/21 11:54:30 [error] [php] Undefined variable: _SESSION (/var/www/dem/project/extensions/gallery/DGallery.php:11)
Stack trace:
#0 /usr/local/lib/yii/framework/web/CBaseController.php(127): require()
#1 /usr/local/lib/yii/framework/web/CBaseController.php(96): SiteController->renderInternal()
#2 /usr/local/lib/yii/framework/web/CController.php(870): SiteController->renderFile()
#3 /usr/local/lib/yii/framework/web/CController.php(783): SiteController->renderPartial()
#4 /var/www/dem/project/controllers/SiteController.php(32): SiteController->render()
#5 /usr/local/lib/yii/framework/web/actions/CInlineAction.php(50): SiteController->actionIndex()
#6 /usr/local/lib/yii/framework/web/CController.php(309): CInlineAction->runWithParams()
#7 /usr/local/lib/yii/framework/web/CController.php(287): SiteController->runAction()
#8 /usr/local/lib/yii/framework/web/CController.php(266): SiteController->runActionWithFilters()
#9 /usr/local/lib/yii/framework/web/CWebApplication.php(283): SiteController->run()
#10 /usr/local/lib/yii/framework/web/CWebApplication.php(142): CWebApplication->runController()
#11 /usr/local/lib/yii/framework/base/CApplication.php(162): CWebApplication->processRequest()
#12 /var/www/dem/www/index.php(15): CWebApplication->run()
REQUEST_URI=/favicon.ico
in /var/www/dem/project/extensions/gallery/DGallery.php (11)
in /var/www/dem/project/views/site/index.php (14)
in /var/www/dem/project/controllers/SiteController.php (32)
2012/10/21 12:03:04 [error] [php] include(/var/www/dem/project/extensions/gallery/css/config/main.php): failed to open stream: No such file or directory (/var/www/dem/project/extensions/gallery/css/gallery.css.php:1)
Stack trace:
#0 /var/www/dem/project/extensions/gallery/EGalleryBase.php(165): EGallery->generateCSS()
#1 /var/www/dem/project/extensions/gallery/EGallery.php(79): EGallery->setup()
#2 /usr/local/lib/yii/framework/web/CBaseController.php(148): EGallery->init()
#3 /usr/local/lib/yii/framework/web/CBaseController.php(173): SiteController->createWidget()
#4 /var/www/dem/project/views/site/index.php(12): SiteController->widget()
#5 /usr/local/lib/yii/framework/web/CBaseController.php(127): require()
#6 /usr/local/lib/yii/framework/web/CBaseController.php(96): SiteController->renderInternal()
#7 /usr/local/lib/yii/framework/web/CController.php(870): SiteController->renderFile()
#8 /usr/local/lib/yii/framework/web/CController.php(783): SiteController->renderPartial()
#9 /var/www/dem/project/controllers/SiteController.php(32): SiteController->render()
#10 /usr/local/lib/yii/framework/web/actions/CInlineAction.php(50): SiteController->actionIndex()
#11 /usr/local/lib/yii/framework/web/CController.php(309): CInlineAction->runWithParams()
#12 /usr/local/lib/yii/framework/web/CController.php(287): SiteController->runAction()
#13 /usr/local/lib/yii/framework/web/CController.php(266): SiteController->runActionWithFilters()
#14 /usr/local/lib/yii/framework/web/CWebApplication.php(283): SiteController->run()
#15 /usr/local/lib/yii/framework/web/CWebApplication.php(142): CWebApplication->runController()
#16 /usr/local/lib/yii/framework/base/CApplication.php(162): CWebApplication->processRequest()
#17 /var/www/dem/www/index.php(15): CWebApplication->run()
REQUEST_URI=/index.php?r=site/index&dir=sample&page=2
in /var/www/dem/project/extensions/gallery/css/gallery.css.php (1)
in /var/www/dem/project/extensions/gallery/css/gallery.css.php (1)
in /var/www/dem/project/extensions/gallery/EGalleryBase.php (576)
2012/10/21 12:03:04 [error] [php] include(/var/www/dem/project/extensions/gallery/css/config/main.php): failed to open stream: No such file or directory (/var/www/dem/project/extensions/gallery/css/gallery.css.php:1)
Stack trace:
#0 /var/www/dem/project/extensions/gallery/EGalleryBase.php(165): EGallery->generateCSS()
#1 /var/www/dem/project/extensions/gallery/EGallery.php(79): EGallery->setup()
#2 /usr/local/lib/yii/framework/web/CBaseController.php(148): EGallery->init()
#3 /usr/local/lib/yii/framework/web/CBaseController.php(173): SiteController->createWidget()
#4 /var/www/dem/project/views/site/index.php(12): SiteController->widget()
#5 /usr/local/lib/yii/framework/web/CBaseController.php(127): require()
#6 /usr/local/lib/yii/framework/web/CBaseController.php(96): SiteController->renderInternal()
#7 /usr/local/lib/yii/framework/web/CController.php(870): SiteController->renderFile()
#8 /usr/local/lib/yii/framework/web/CController.php(783): SiteController->renderPartial()
#9 /var/www/dem/project/controllers/SiteController.php(32): SiteController->render()
#10 /usr/local/lib/yii/framework/web/actions/CInlineAction.php(50): SiteController->actionIndex()
#11 /usr/local/lib/yii/framework/web/CController.php(309): CInlineAction->runWithParams()
#12 /usr/local/lib/yii/framework/web/CController.php(287): SiteController->runAction()
#13 /usr/local/lib/yii/framework/web/CController.php(266): SiteController->runActionWithFilters()
#14 /usr/local/lib/yii/framework/web/CWebApplication.php(283): SiteController->run()
#15 /usr/local/lib/yii/framework/web/CWebApplication.php(142): CWebApplication->runController()
#16 /usr/local/lib/yii/framework/base/CApplication.php(162): CWebApplication->processRequest()
#17 /var/www/dem/www/index.php(15): CWebApplication->run()
REQUEST_URI=/favicon.ico
in /var/www/dem/project/extensions/gallery/css/gallery.css.php (1)
in /var/www/dem/project/extensions/gallery/css/gallery.css.php (1)
in /var/www/dem/project/extensions/gallery/EGalleryBase.php (576)
2012/10/21 12:16:40 [error] [exception.CException] exception 'CException' with message 'The asset "/var/www/dem/www/js/script.js" to be published does not exist.' in /usr/local/lib/yii/framework/web/CAssetManager.php:255
Stack trace:
#0 /var/www/dem/project/extensions/gallery/views/gallery.php(5): CAssetManager->publish('/var/www/dem/ww...')
#1 /usr/local/lib/yii/framework/web/CBaseController.php(131): require('/var/www/dem/pr...')
#2 /usr/local/lib/yii/framework/web/CBaseController.php(96): CBaseController->renderInternal('/var/www/dem/pr...', Array, false)
#3 /usr/local/lib/yii/framework/web/widgets/CWidget.php(244): CBaseController->renderFile('/var/www/dem/pr...', Array, false)
#4 /var/www/dem/project/extensions/gallery/EGallery.php(117): CWidget->render('gallery', Array)
#5 /usr/local/lib/yii/framework/web/CBaseController.php(174): EGallery->run()
#6 /var/www/dem/project/views/site/index.php(13): CBaseController->widget('application.ext...', Array)
#7 /usr/local/lib/yii/framework/web/CBaseController.php(127): require('/var/www/dem/pr...')
#8 /usr/local/lib/yii/framework/web/CBaseController.php(96): CBaseController->renderInternal('/var/www/dem/pr...', NULL, true)
#9 /usr/local/lib/yii/framework/web/CController.php(870): CBaseController->renderFile('/var/www/dem/pr...', NULL, true)
#10 /usr/local/lib/yii/framework/web/CController.php(783): CController->renderPartial('index', NULL, true)
#11 /var/www/dem/project/controllers/SiteController.php(32): CController->render('index')
#12 /usr/local/lib/yii/framework/web/actions/CInlineAction.php(50): SiteController->actionIndex()
#13 /usr/local/lib/yii/framework/web/CController.php(309): CInlineAction->runWithParams(Array)
#14 /usr/local/lib/yii/framework/web/CController.php(287): CController->runAction(Object(CInlineAction))
#15 /usr/local/lib/yii/framework/web/CController.php(266): CController->runActionWithFilters(Object(CInlineAction), Array)
#16 /usr/local/lib/yii/framework/web/CWebApplication.php(283): CController->run('index')
#17 /usr/local/lib/yii/framework/web/CWebApplication.php(142): CWebApplication->runController('site/index')
#18 /usr/local/lib/yii/framework/base/CApplication.php(162): CWebApplication->processRequest()
#19 /var/www/dem/www/index.php(15): CApplication->run()
#20 {main}
REQUEST_URI=/index.php?r=site/index&dir=sample&page=2
HTTP_REFERER=http://dem.local/index.php?r=site/index&dir=sample
---
2012/10/21 12:16:40 [error] [exception.CException] exception 'CException' with message 'The asset "/var/www/dem/www/js/script.js" to be published does not exist.' in /usr/local/lib/yii/framework/web/CAssetManager.php:255
Stack trace:
#0 /var/www/dem/project/extensions/gallery/views/gallery.php(5): CAssetManager->publish('/var/www/dem/ww...')
#1 /usr/local/lib/yii/framework/web/CBaseController.php(131): require('/var/www/dem/pr...')
#2 /usr/local/lib/yii/framework/web/CBaseController.php(96): CBaseController->renderInternal('/var/www/dem/pr...', Array, false)
#3 /usr/local/lib/yii/framework/web/widgets/CWidget.php(244): CBaseController->renderFile('/var/www/dem/pr...', Array, false)
#4 /var/www/dem/project/extensions/gallery/EGallery.php(117): CWidget->render('gallery', Array)
#5 /usr/local/lib/yii/framework/web/CBaseController.php(174): EGallery->run()
#6 /var/www/dem/project/views/site/index.php(13): CBaseController->widget('application.ext...', Array)
#7 /usr/local/lib/yii/framework/web/CBaseController.php(127): require('/var/www/dem/pr...')
#8 /usr/local/lib/yii/framework/web/CBaseController.php(96): CBaseController->renderInternal('/var/www/dem/pr...', NULL, true)
#9 /usr/local/lib/yii/framework/web/CController.php(870): CBaseController->renderFile('/var/www/dem/pr...', NULL, true)
#10 /usr/local/lib/yii/framework/web/CController.php(783): CController->renderPartial('index', NULL, true)
#11 /var/www/dem/project/controllers/SiteController.php(32): CController->render('index')
#12 /usr/local/lib/yii/framework/web/actions/CInlineAction.php(50): SiteController->actionIndex()
#13 /usr/local/lib/yii/framework/web/CController.php(309): CInlineAction->runWithParams(Array)
#14 /usr/local/lib/yii/framework/web/CController.php(287): CController->runAction(Object(CInlineAction))
#15 /usr/local/lib/yii/framework/web/CController.php(266): CController->runActionWithFilters(Object(CInlineAction), Array)
#16 /usr/local/lib/yii/framework/web/CWebApplication.php(283): CController->run('')
#17 /usr/local/lib/yii/framework/web/CWebApplication.php(142): CWebApplication->runController('')
#18 /usr/local/lib/yii/framework/base/CApplication.php(162): CWebApplication->processRequest()
#19 /var/www/dem/www/index.php(15): CApplication->run()
#20 {main}
REQUEST_URI=/favicon.ico
---
2012/10/21 12:32:23 [error] [exception.CException] exception 'CException' with message 'The asset "/var/www/dem/project/extensions/gallery/lightbox/csslightbox.css" to be published does not exist.' in /usr/local/lib/yii/framework/web/CAssetManager.php:255
Stack trace:
#0 /var/www/dem/project/extensions/gallery/EGallery.php(85): CAssetManager->publish('/var/www/dem/pr...')
#1 /usr/local/lib/yii/framework/web/CBaseController.php(148): EGallery->init()
#2 /usr/local/lib/yii/framework/web/CBaseController.php(173): CBaseController->createWidget('application.ext...', Array)
#3 /var/www/dem/project/views/site/index.php(13): CBaseController->widget('application.ext...', Array)
#4 /usr/local/lib/yii/framework/web/CBaseController.php(127): require('/var/www/dem/pr...')
#5 /usr/local/lib/yii/framework/web/CBaseController.php(96): CBaseController->renderInternal('/var/www/dem/pr...', NULL, true)
#6 /usr/local/lib/yii/framework/web/CController.php(870): CBaseController->renderFile('/var/www/dem/pr...', NULL, true)
#7 /usr/local/lib/yii/framework/web/CController.php(783): CController->renderPartial('index', NULL, true)
#8 /var/www/dem/project/controllers/SiteController.php(32): CController->render('index')
#9 /usr/local/lib/yii/framework/web/actions/CInlineAction.php(50): SiteController->actionIndex()
#10 /usr/local/lib/yii/framework/web/CController.php(309): CInlineAction->runWithParams(Array)
#11 /usr/local/lib/yii/framework/web/CController.php(287): CController->runAction(Object(CInlineAction))
#12 /usr/local/lib/yii/framework/web/CController.php(266): CController->runActionWithFilters(Object(CInlineAction), Array)
#13 /usr/local/lib/yii/framework/web/CWebApplication.php(283): CController->run('')
#14 /usr/local/lib/yii/framework/web/CWebApplication.php(142): CWebApplication->runController('')
#15 /usr/local/lib/yii/framework/base/CApplication.php(162): CWebApplication->processRequest()
#16 /var/www/dem/www/index.php(15): CApplication->run()
#17 {main}
REQUEST_URI=/favicon.ico
---
2012/10/21 12:32:24 [error] [exception.CException] exception 'CException' with message 'The asset "/var/www/dem/project/extensions/gallery/lightbox/csslightbox.css" to be published does not exist.' in /usr/local/lib/yii/framework/web/CAssetManager.php:255
Stack trace:
#0 /var/www/dem/project/extensions/gallery/EGallery.php(85): CAssetManager->publish('/var/www/dem/pr...')
#1 /usr/local/lib/yii/framework/web/CBaseController.php(148): EGallery->init()
#2 /usr/local/lib/yii/framework/web/CBaseController.php(173): CBaseController->createWidget('application.ext...', Array)
#3 /var/www/dem/project/views/site/index.php(13): CBaseController->widget('application.ext...', Array)
#4 /usr/local/lib/yii/framework/web/CBaseController.php(127): require('/var/www/dem/pr...')
#5 /usr/local/lib/yii/framework/web/CBaseController.php(96): CBaseController->renderInternal('/var/www/dem/pr...', NULL, true)
#6 /usr/local/lib/yii/framework/web/CController.php(870): CBaseController->renderFile('/var/www/dem/pr...', NULL, true)
#7 /usr/local/lib/yii/framework/web/CController.php(783): CController->renderPartial('index', NULL, true)
#8 /var/www/dem/project/controllers/SiteController.php(32): CController->render('index')
#9 /usr/local/lib/yii/framework/web/actions/CInlineAction.php(50): SiteController->actionIndex()
#10 /usr/local/lib/yii/framework/web/CController.php(309): CInlineAction->runWithParams(Array)
#11 /usr/local/lib/yii/framework/web/CController.php(287): CController->runAction(Object(CInlineAction))
#12 /usr/local/lib/yii/framework/web/CController.php(266): CController->runActionWithFilters(Object(CInlineAction), Array)
#13 /usr/local/lib/yii/framework/web/CWebApplication.php(283): CController->run('')
#14 /usr/local/lib/yii/framework/web/CWebApplication.php(142): CWebApplication->runController('')
#15 /usr/local/lib/yii/framework/base/CApplication.php(162): CWebApplication->processRequest()
#16 /var/www/dem/www/index.php(15): CApplication->run()
#17 {main}
REQUEST_URI=/favicon.ico
---
2012/10/21 12:32:25 [error] [exception.CException] exception 'CException' with message 'The asset "/var/www/dem/project/extensions/gallery/lightbox/csslightbox.css" to be published does not exist.' in /usr/local/lib/yii/framework/web/CAssetManager.php:255
Stack trace:
#0 /var/www/dem/project/extensions/gallery/EGallery.php(85): CAssetManager->publish('/var/www/dem/pr...')
#1 /usr/local/lib/yii/framework/web/CBaseController.php(148): EGallery->init()
#2 /usr/local/lib/yii/framework/web/CBaseController.php(173): CBaseController->createWidget('application.ext...', Array)
#3 /var/www/dem/project/views/site/index.php(13): CBaseController->widget('application.ext...', Array)
#4 /usr/local/lib/yii/framework/web/CBaseController.php(127): require('/var/www/dem/pr...')
#5 /usr/local/lib/yii/framework/web/CBaseController.php(96): CBaseController->renderInternal('/var/www/dem/pr...', NULL, true)
#6 /usr/local/lib/yii/framework/web/CController.php(870): CBaseController->renderFile('/var/www/dem/pr...', NULL, true)
#7 /usr/local/lib/yii/framework/web/CController.php(783): CController->renderPartial('index', NULL, true)
#8 /var/www/dem/project/controllers/SiteController.php(32): CController->render('index')
#9 /usr/local/lib/yii/framework/web/actions/CInlineAction.php(50): SiteController->actionIndex()
#10 /usr/local/lib/yii/framework/web/CController.php(309): CInlineAction->runWithParams(Array)
#11 /usr/local/lib/yii/framework/web/CController.php(287): CController->runAction(Object(CInlineAction))
#12 /usr/local/lib/yii/framework/web/CController.php(266): CController->runActionWithFilters(Object(CInlineAction), Array)
#13 /usr/local/lib/yii/framework/web/CWebApplication.php(283): CController->run('index')
#14 /usr/local/lib/yii/framework/web/CWebApplication.php(142): CWebApplication->runController('site/index')
#15 /usr/local/lib/yii/framework/base/CApplication.php(162): CWebApplication->processRequest()
#16 /var/www/dem/www/index.php(15): CApplication->run()
#17 {main}
REQUEST_URI=/index.php?r=site/index&dir=sample&page=2
HTTP_REFERER=http://dem.local/index.php?r=site/index&dir=sample
---
2012/10/21 12:32:25 [error] [exception.CException] exception 'CException' with message 'The asset "/var/www/dem/project/extensions/gallery/lightbox/csslightbox.css" to be published does not exist.' in /usr/local/lib/yii/framework/web/CAssetManager.php:255
Stack trace:
#0 /var/www/dem/project/extensions/gallery/EGallery.php(85): CAssetManager->publish('/var/www/dem/pr...')
#1 /usr/local/lib/yii/framework/web/CBaseController.php(148): EGallery->init()
#2 /usr/local/lib/yii/framework/web/CBaseController.php(173): CBaseController->createWidget('application.ext...', Array)
#3 /var/www/dem/project/views/site/index.php(13): CBaseController->widget('application.ext...', Array)
#4 /usr/local/lib/yii/framework/web/CBaseController.php(127): require('/var/www/dem/pr...')
#5 /usr/local/lib/yii/framework/web/CBaseController.php(96): CBaseController->renderInternal('/var/www/dem/pr...', NULL, true)
#6 /usr/local/lib/yii/framework/web/CController.php(870): CBaseController->renderFile('/var/www/dem/pr...', NULL, true)
#7 /usr/local/lib/yii/framework/web/CController.php(783): CController->renderPartial('index', NULL, true)
#8 /var/www/dem/project/controllers/SiteController.php(32): CController->render('index')
#9 /usr/local/lib/yii/framework/web/actions/CInlineAction.php(50): SiteController->actionIndex()
#10 /usr/local/lib/yii/framework/web/CController.php(309): CInlineAction->runWithParams(Array)
#11 /usr/local/lib/yii/framework/web/CController.php(287): CController->runAction(Object(CInlineAction))
#12 /usr/local/lib/yii/framework/web/CController.php(266): CController->runActionWithFilters(Object(CInlineAction), Array)
#13 /usr/local/lib/yii/framework/web/CWebApplication.php(283): CController->run('')
#14 /usr/local/lib/yii/framework/web/CWebApplication.php(142): CWebApplication->runController('')
#15 /usr/local/lib/yii/framework/base/CApplication.php(162): CWebApplication->processRequest()
#16 /var/www/dem/www/index.php(15): CApplication->run()
#17 {main}
REQUEST_URI=/favicon.ico
---
2012/10/21 12:52:47 [error] [php] Use of undefined constant php - assumed 'php' (/var/www/dem/project/extensions/gallery/views/gallery.php:36)
Stack trace:
#0 /usr/local/lib/yii/framework/web/widgets/CWidget.php(244): EGallery->renderFile()
#1 /var/www/dem/project/extensions/gallery/EGallery.php(130): EGallery->render()
#2 /usr/local/lib/yii/framework/web/CBaseController.php(174): EGallery->run()
#3 /var/www/dem/project/views/site/index.php(13): SiteController->widget()
#4 /usr/local/lib/yii/framework/web/CBaseController.php(127): require()
#5 /usr/local/lib/yii/framework/web/CBaseController.php(96): SiteController->renderInternal()
#6 /usr/local/lib/yii/framework/web/CController.php(870): SiteController->renderFile()
#7 /usr/local/lib/yii/framework/web/CController.php(783): SiteController->renderPartial()
#8 /var/www/dem/project/controllers/SiteController.php(32): SiteController->render()
#9 /usr/local/lib/yii/framework/web/actions/CInlineAction.php(50): SiteController->actionIndex()
#10 /usr/local/lib/yii/framework/web/CController.php(309): CInlineAction->runWithParams()
#11 /usr/local/lib/yii/framework/web/CController.php(287): SiteController->runAction()
#12 /usr/local/lib/yii/framework/web/CController.php(266): SiteController->runActionWithFilters()
#13 /usr/local/lib/yii/framework/web/CWebApplication.php(283): SiteController->run()
#14 /usr/local/lib/yii/framework/web/CWebApplication.php(142): CWebApplication->runController()
#15 /usr/local/lib/yii/framework/base/CApplication.php(162): CWebApplication->processRequest()
#16 /var/www/dem/www/index.php(15): CWebApplication->run()
REQUEST_URI=/index.php?r=site/index&dir=sample
in /var/www/dem/project/extensions/gallery/views/gallery.php (36)
in /var/www/dem/project/extensions/gallery/EGallery.php (130)
in /var/www/dem/project/views/site/index.php (13)
in /var/www/dem/project/controllers/SiteController.php (32)
in /var/www/dem/www/index.php (15)
2012/10/21 13:20:32 [error] [php] Undefined variable: buffer (/var/www/dem/project/extensions/gallery/EGalleryBase.php:538)
Stack trace:
#0 /var/www/dem/project/extensions/gallery/EGallery.php(104): EGallery->getAlbums()
#1 /usr/local/lib/yii/framework/web/CBaseController.php(174): EGallery->run()
#2 /var/www/dem/project/views/site/index.php(13): SiteController->widget()
#3 /usr/local/lib/yii/framework/web/CBaseController.php(127): require()
#4 /usr/local/lib/yii/framework/web/CBaseController.php(96): SiteController->renderInternal()
#5 /usr/local/lib/yii/framework/web/CController.php(870): SiteController->renderFile()
#6 /usr/local/lib/yii/framework/web/CController.php(783): SiteController->renderPartial()
#7 /var/www/dem/project/controllers/SiteController.php(32): SiteController->render()
#8 /usr/local/lib/yii/framework/web/actions/CInlineAction.php(50): SiteController->actionIndex()
#9 /usr/local/lib/yii/framework/web/CController.php(309): CInlineAction->runWithParams()
#10 /usr/local/lib/yii/framework/web/CController.php(287): SiteController->runAction()
#11 /usr/local/lib/yii/framework/web/CController.php(266): SiteController->runActionWithFilters()
#12 /usr/local/lib/yii/framework/web/CWebApplication.php(283): SiteController->run()
#13 /usr/local/lib/yii/framework/web/CWebApplication.php(142): CWebApplication->runController()
#14 /usr/local/lib/yii/framework/base/CApplication.php(162): CWebApplication->processRequest()
#15 /var/www/dem/www/index.php(15): CWebApplication->run()
REQUEST_URI=/index.php?r=site/index
in /var/www/dem/project/extensions/gallery/EGalleryBase.php (538)
in /var/www/dem/project/extensions/gallery/EGalleryBase.php (239)
in /var/www/dem/project/extensions/gallery/EGalleryBase.php (199)
in /var/www/dem/project/extensions/gallery/EGallery.php (104)
in /var/www/dem/project/views/site/index.php (13)
in /var/www/dem/project/controllers/SiteController.php (32)
in /var/www/dem/www/index.php (15)
2012/10/21 13:20:32 [error] [php] Undefined variable: buffer (/var/www/dem/project/extensions/gallery/EGalleryBase.php:538)
Stack trace:
#0 /var/www/dem/project/extensions/gallery/EGallery.php(104): EGallery->getAlbums()
#1 /usr/local/lib/yii/framework/web/CBaseController.php(174): EGallery->run()
#2 /var/www/dem/project/views/site/index.php(13): SiteController->widget()
#3 /usr/local/lib/yii/framework/web/CBaseController.php(127): require()
#4 /usr/local/lib/yii/framework/web/CBaseController.php(96): SiteController->renderInternal()
#5 /usr/local/lib/yii/framework/web/CController.php(870): SiteController->renderFile()
#6 /usr/local/lib/yii/framework/web/CController.php(783): SiteController->renderPartial()
#7 /var/www/dem/project/controllers/SiteController.php(32): SiteController->render()
#8 /usr/local/lib/yii/framework/web/actions/CInlineAction.php(50): SiteController->actionIndex()
#9 /usr/local/lib/yii/framework/web/CController.php(309): CInlineAction->runWithParams()
#10 /usr/local/lib/yii/framework/web/CController.php(287): SiteController->runAction()
#11 /usr/local/lib/yii/framework/web/CController.php(266): SiteController->runActionWithFilters()
#12 /usr/local/lib/yii/framework/web/CWebApplication.php(283): SiteController->run()
#13 /usr/local/lib/yii/framework/web/CWebApplication.php(142): CWebApplication->runController()
#14 /usr/local/lib/yii/framework/base/CApplication.php(162): CWebApplication->processRequest()
#15 /var/www/dem/www/index.php(15): CWebApplication->run()
REQUEST_URI=/favicon.ico
in /var/www/dem/project/extensions/gallery/EGalleryBase.php (538)
in /var/www/dem/project/extensions/gallery/EGalleryBase.php (239)
in /var/www/dem/project/extensions/gallery/EGalleryBase.php (199)
in /var/www/dem/project/extensions/gallery/EGallery.php (104)
in /var/www/dem/project/views/site/index.php (13)
in /var/www/dem/project/controllers/SiteController.php (32)
in /var/www/dem/www/index.php (15)
